{"/Users/bhakti/Side/auto-gen/sdk/index.ts": {"path":"/Users/bhakti/Side/auto-gen/sdk/index.ts","statementMap":{"0":{"start":{"line":66,"column":18},"end":{"line":66,"column":20}},"1":{"start":{"line":67,"column":22},"end":{"line":67,"column":24}},"2":{"start":{"line":68,"column":24},"end":{"line":68,"column":28}},"3":{"start":{"line":69,"column":24},"end":{"line":69,"column":28}},"4":{"start":{"line":70,"column":26},"end":{"line":70,"column":39}},"5":{"start":{"line":71,"column":22},"end":{"line":71,"column":24}},"6":{"start":{"line":72,"column":30},"end":{"line":78,"column":2}},"7":{"start":{"line":80,"column":34},"end":{"line":80,"column":36}},"8":{"start":{"line":86,"column":2},"end":{"line":86,"column":12}},"9":{"start":{"line":87,"column":2},"end":{"line":87,"column":46}},"10":{"start":{"line":88,"column":2},"end":{"line":88,"column":45}},"11":{"start":{"line":89,"column":2},"end":{"line":89,"column":26}},"12":{"start":{"line":90,"column":2},"end":{"line":90,"column":43}},"13":{"start":{"line":92,"column":2},"end":{"line":98,"column":3}},"14":{"start":{"line":93,"column":4},"end":{"line":97,"column":7}},"15":{"start":{"line":94,"column":6},"end":{"line":96,"column":8}},"16":{"start":{"line":100,"column":2},"end":{"line":104,"column":3}},"17":{"start":{"line":101,"column":4},"end":{"line":103,"column":7}},"18":{"start":{"line":102,"column":6},"end":{"line":102,"column":30}},"19":{"start":{"line":111,"column":2},"end":{"line":111,"column":14}},"20":{"start":{"line":118,"column":2},"end":{"line":118,"column":14}},"21":{"start":{"line":130,"column":2},"end":{"line":130,"column":39}},"22":{"start":{"line":130,"column":32},"end":{"line":130,"column":39}},"23":{"start":{"line":132,"column":33},"end":{"line":138,"column":4}},"24":{"start":{"line":140,"column":2},"end":{"line":140,"column":31}},"25":{"start":{"line":142,"column":2},"end":{"line":144,"column":3}},"26":{"start":{"line":143,"column":4},"end":{"line":143,"column":24}},"27":{"start":{"line":154,"column":2},"end":{"line":154,"column":84}},"28":{"start":{"line":154,"column":12},"end":{"line":154,"column":84}},"29":{"start":{"line":156,"column":2},"end":{"line":158,"column":3}},"30":{"start":{"line":157,"column":4},"end":{"line":157,"column":37}},"31":{"start":{"line":160,"column":32},"end":{"line":179,"column":4}},"32":{"start":{"line":181,"column":24},"end":{"line":181,"column":31}},"33":{"start":{"line":182,"column":2},"end":{"line":186,"column":3}},"34":{"start":{"line":183,"column":19},"end":{"line":183,"column":57}},"35":{"start":{"line":184,"column":4},"end":{"line":184,"column":24}},"36":{"start":{"line":184,"column":17},"end":{"line":184,"column":24}},"37":{"start":{"line":185,"column":4},"end":{"line":185,"column":29}},"38":{"start":{"line":188,"column":2},"end":{"line":200,"column":3}},"39":{"start":{"line":189,"column":16},"end":{"line":196,"column":6}},"40":{"start":{"line":197,"column":4},"end":{"line":197,"column":28}},"41":{"start":{"line":199,"column":4},"end":{"line":199,"column":55}},"42":{"start":{"line":211,"column":16},"end":{"line":211,"column":34}},"43":{"start":{"line":212,"column":2},"end":{"line":212,"column":48}},"44":{"start":{"line":213,"column":2},"end":{"line":216,"column":5}},"45":{"start":{"line":223,"column":20},"end":{"line":223,"column":34}},"46":{"start":{"line":224,"column":24},"end":{"line":224,"column":81}},"47":{"start":{"line":226,"column":2},"end":{"line":230,"column":3}},"48":{"start":{"line":227,"column":4},"end":{"line":229,"column":5}},"49":{"start":{"line":228,"column":6},"end":{"line":228,"column":36}},"50":{"start":{"line":232,"column":2},"end":{"line":232,"column":19}},"51":{"start":{"line":239,"column":2},"end":{"line":239,"column":23}},"52":{"start":{"line":239,"column":13},"end":{"line":239,"column":23}},"53":{"start":{"line":241,"column":20},"end":{"line":241,"column":31}},"54":{"start":{"line":242,"column":24},"end":{"line":242,"column":94}},"55":{"start":{"line":244,"column":2},"end":{"line":250,"column":3}},"56":{"start":{"line":245,"column":4},"end":{"line":249,"column":5}},"57":{"start":{"line":246,"column":6},"end":{"line":246,"column":36}},"58":{"start":{"line":247,"column":11},"end":{"line":249,"column":5}},"59":{"start":{"line":248,"column":6},"end":{"line":248,"column":59}},"60":{"start":{"line":252,"column":2},"end":{"line":252,"column":19}}},"fnMap":{"0":{"name":"init","decl":{"start":{"line":85,"column":9},"end":{"line":85,"column":13}},"loc":{"start":{"line":85,"column":74},"end":{"line":105,"column":1}}},"1":{"name":"(anonymous_1)","decl":{"start":{"line":93,"column":37},"end":{"line":93,"column":38}},"loc":{"start":{"line":93,"column":53},"end":{"line":97,"column":5}}},"2":{"name":"(anonymous_2)","decl":{"start":{"line":101,"column":36},"end":{"line":101,"column":37}},"loc":{"start":{"line":101,"column":53},"end":{"line":103,"column":5}}},"3":{"name":"setUser","decl":{"start":{"line":110,"column":9},"end":{"line":110,"column":16}},"loc":{"start":{"line":110,"column":27},"end":{"line":112,"column":1}}},"4":{"name":"setTags","decl":{"start":{"line":117,"column":9},"end":{"line":117,"column":16}},"loc":{"start":{"line":117,"column":27},"end":{"line":119,"column":1}}},"5":{"name":"addBreadcrumb","decl":{"start":{"line":124,"column":9},"end":{"line":124,"column":22}},"loc":{"start":{"line":129,"column":13},"end":{"line":145,"column":1}}},"6":{"name":"captureException","decl":{"start":{"line":150,"column":15},"end":{"line":150,"column":31}},"loc":{"start":{"line":152,"column":37},"end":{"line":201,"column":1}}},"7":{"name":"captureMessage","decl":{"start":{"line":206,"column":9},"end":{"line":206,"column":23}},"loc":{"start":{"line":209,"column":37},"end":{"line":217,"column":1}}},"8":{"name":"sanitizeHeaders","decl":{"start":{"line":222,"column":9},"end":{"line":222,"column":24}},"loc":{"start":{"line":222,"column":56},"end":{"line":233,"column":1}}},"9":{"name":"sanitizeRequestBody","decl":{"start":{"line":238,"column":9},"end":{"line":238,"column":28}},"loc":{"start":{"line":238,"column":38},"end":{"line":253,"column":1}}}},"branchMap":{"0":{"loc":{"start":{"line":85,"column":51},"end":{"line":85,"column":59}},"type":"default-arg","locations":[{"start":{"line":85,"column":57},"end":{"line":85,"column":59}}]},"1":{"loc":{"start":{"line":87,"column":12},"end":{"line":87,"column":45}},"type":"binary-expr","locations":[{"start":{"line":87,"column":12},"end":{"line":87,"column":18}},{"start":{"line":87,"column":22},"end":{"line":87,"column":45}}]},"2":{"loc":{"start":{"line":88,"column":16},"end":{"line":88,"column":44}},"type":"binary-expr","locations":[{"start":{"line":88,"column":16},"end":{"line":88,"column":27}},{"start":{"line":88,"column":31},"end":{"line":88,"column":44}}]},"3":{"loc":{"start":{"line":89,"column":12},"end":{"line":89,"column":25}},"type":"binary-expr","locations":[{"start":{"line":89,"column":12},"end":{"line":89,"column":19}},{"start":{"line":89,"column":23},"end":{"line":89,"column":25}}]},"4":{"loc":{"start":{"line":92,"column":2},"end":{"line":98,"column":3}},"type":"if","locations":[{"start":{"line":92,"column":2},"end":{"line":98,"column":3}}]},"5":{"loc":{"start":{"line":92,"column":6},"end":{"line":92,"column":78}},"type":"binary-expr","locations":[{"start":{"line":92,"column":6},"end":{"line":92,"column":44}},{"start":{"line":92,"column":48},"end":{"line":92,"column":78}}]},"6":{"loc":{"start":{"line":95,"column":8},"end":{"line":95,"column":94}},"type":"cond-expr","locations":[{"start":{"line":95,"column":34},"end":{"line":95,"column":40}},{"start":{"line":95,"column":43},"end":{"line":95,"column":94}}]},"7":{"loc":{"start":{"line":100,"column":2},"end":{"line":104,"column":3}},"type":"if","locations":[{"start":{"line":100,"column":2},"end":{"line":104,"column":3}}]},"8":{"loc":{"start":{"line":100,"column":6},"end":{"line":100,"column":77}},"type":"binary-expr","locations":[{"start":{"line":100,"column":6},"end":{"line":100,"column":43}},{"start":{"line":100,"column":47},"end":{"line":100,"column":77}}]},"9":{"loc":{"start":{"line":127,"column":2},"end":{"line":127,"column":11}},"type":"default-arg","locations":[{"start":{"line":127,"column":9},"end":{"line":127,"column":11}}]},"10":{"loc":{"start":{"line":128,"column":2},"end":{"line":128,"column":16}},"type":"default-arg","locations":[{"start":{"line":128,"column":10},"end":{"line":128,"column":16}}]},"11":{"loc":{"start":{"line":130,"column":2},"end":{"line":130,"column":39}},"type":"if","locations":[{"start":{"line":130,"column":2},"end":{"line":130,"column":39}}]},"12":{"loc":{"start":{"line":142,"column":2},"end":{"line":144,"column":3}},"type":"if","locations":[{"start":{"line":142,"column":2},"end":{"line":144,"column":3}}]},"13":{"loc":{"start":{"line":142,"column":28},"end":{"line":142,"column":61}},"type":"binary-expr","locations":[{"start":{"line":142,"column":28},"end":{"line":142,"column":54}},{"start":{"line":142,"column":58},"end":{"line":142,"column":61}}]},"14":{"loc":{"start":{"line":152,"column":2},"end":{"line":152,"column":37}},"type":"default-arg","locations":[{"start":{"line":152,"column":35},"end":{"line":152,"column":37}}]},"15":{"loc":{"start":{"line":154,"column":2},"end":{"line":154,"column":84}},"type":"if","locations":[{"start":{"line":154,"column":2},"end":{"line":154,"column":84}}]},"16":{"loc":{"start":{"line":156,"column":2},"end":{"line":158,"column":3}},"type":"if","locations":[{"start":{"line":156,"column":2},"end":{"line":158,"column":3}}]},"17":{"loc":{"start":{"line":167,"column":15},"end":{"line":167,"column":97}},"type":"binary-expr","locations":[{"start":{"line":167,"column":15},"end":{"line":167,"column":32}},{"start":{"line":167,"column":37},"end":{"line":167,"column":96}}]},"18":{"loc":{"start":{"line":167,"column":37},"end":{"line":167,"column":96}},"type":"cond-expr","locations":[{"start":{"line":167,"column":72},"end":{"line":167,"column":91}},{"start":{"line":167,"column":94},"end":{"line":167,"column":96}}]},"19":{"loc":{"start":{"line":168,"column":16},"end":{"line":168,"column":42}},"type":"binary-expr","locations":[{"start":{"line":168,"column":16},"end":{"line":168,"column":34}},{"start":{"line":168,"column":38},"end":{"line":168,"column":42}}]},"20":{"loc":{"start":{"line":169,"column":9},"end":{"line":169,"column":83}},"type":"binary-expr","locations":[{"start":{"line":169,"column":9},"end":{"line":169,"column":20}},{"start":{"line":169,"column":25},"end":{"line":169,"column":82}}]},"21":{"loc":{"start":{"line":169,"column":25},"end":{"line":169,"column":82}},"type":"cond-expr","locations":[{"start":{"line":169,"column":57},"end":{"line":169,"column":77}},{"start":{"line":169,"column":80},"end":{"line":169,"column":82}}]},"22":{"loc":{"start":{"line":170,"column":12},"end":{"line":170,"column":32}},"type":"binary-expr","locations":[{"start":{"line":170,"column":12},"end":{"line":170,"column":26}},{"start":{"line":170,"column":30},"end":{"line":170,"column":32}}]},"23":{"loc":{"start":{"line":171,"column":10},"end":{"line":171,"column":28}},"type":"binary-expr","locations":[{"start":{"line":171,"column":10},"end":{"line":171,"column":22}},{"start":{"line":171,"column":26},"end":{"line":171,"column":28}}]},"24":{"loc":{"start":{"line":172,"column":11},"end":{"line":172,"column":30}},"type":"binary-expr","locations":[{"start":{"line":172,"column":11},"end":{"line":172,"column":24}},{"start":{"line":172,"column":28},"end":{"line":172,"column":30}}]},"25":{"loc":{"start":{"line":173,"column":12},"end":{"line":173,"column":32}},"type":"binary-expr","locations":[{"start":{"line":173,"column":12},"end":{"line":173,"column":26}},{"start":{"line":173,"column":30},"end":{"line":173,"column":32}}]},"26":{"loc":{"start":{"line":174,"column":29},"end":{"line":174,"column":50}},"type":"binary-expr","locations":[{"start":{"line":174,"column":29},"end":{"line":174,"column":44}},{"start":{"line":174,"column":48},"end":{"line":174,"column":50}}]},"27":{"loc":{"start":{"line":175,"column":17},"end":{"line":175,"column":44}},"type":"binary-expr","locations":[{"start":{"line":175,"column":17},"end":{"line":175,"column":36}},{"start":{"line":175,"column":40},"end":{"line":175,"column":44}}]},"28":{"loc":{"start":{"line":176,"column":16},"end":{"line":176,"column":26}},"type":"binary-expr","locations":[{"start":{"line":176,"column":16},"end":{"line":176,"column":20}},{"start":{"line":176,"column":24},"end":{"line":176,"column":26}}]},"29":{"loc":{"start":{"line":176,"column":33},"end":{"line":176,"column":51}},"type":"binary-expr","locations":[{"start":{"line":176,"column":33},"end":{"line":176,"column":45}},{"start":{"line":176,"column":49},"end":{"line":176,"column":51}}]},"30":{"loc":{"start":{"line":177,"column":17},"end":{"line":177,"column":64}},"type":"cond-expr","locations":[{"start":{"line":177,"column":43},"end":{"line":177,"column":59}},{"start":{"line":177,"column":62},"end":{"line":177,"column":64}}]},"31":{"loc":{"start":{"line":178,"column":18},"end":{"line":178,"column":44}},"type":"binary-expr","locations":[{"start":{"line":178,"column":18},"end":{"line":178,"column":38}},{"start":{"line":178,"column":42},"end":{"line":178,"column":44}}]},"32":{"loc":{"start":{"line":182,"column":2},"end":{"line":186,"column":3}},"type":"if","locations":[{"start":{"line":182,"column":2},"end":{"line":186,"column":3}}]},"33":{"loc":{"start":{"line":182,"column":6},"end":{"line":182,"column":76}},"type":"binary-expr","locations":[{"start":{"line":182,"column":6},"end":{"line":182,"column":28}},{"start":{"line":182,"column":32},"end":{"line":182,"column":76}}]},"34":{"loc":{"start":{"line":184,"column":4},"end":{"line":184,"column":24}},"type":"if","locations":[{"start":{"line":184,"column":4},"end":{"line":184,"column":24}}]},"35":{"loc":{"start":{"line":208,"column":2},"end":{"line":208,"column":46}},"type":"default-arg","locations":[{"start":{"line":208,"column":40},"end":{"line":208,"column":46}}]},"36":{"loc":{"start":{"line":209,"column":2},"end":{"line":209,"column":37}},"type":"default-arg","locations":[{"start":{"line":209,"column":35},"end":{"line":209,"column":37}}]},"37":{"loc":{"start":{"line":227,"column":4},"end":{"line":229,"column":5}},"type":"if","locations":[{"start":{"line":227,"column":4},"end":{"line":229,"column":5}}]},"38":{"loc":{"start":{"line":239,"column":2},"end":{"line":239,"column":23}},"type":"if","locations":[{"start":{"line":239,"column":2},"end":{"line":239,"column":23}}]},"39":{"loc":{"start":{"line":245,"column":4},"end":{"line":249,"column":5}},"type":"if","locations":[{"start":{"line":245,"column":4},"end":{"line":249,"column":5}},{"start":{"line":247,"column":11},"end":{"line":249,"column":5}}]},"40":{"loc":{"start":{"line":245,"column":8},"end":{"line":245,"column":91}},"type":"binary-expr","locations":[{"start":{"line":245,"column":8},"end":{"line":245,"column":49}},{"start":{"line":245,"column":53},"end":{"line":245,"column":91}}]},"41":{"loc":{"start":{"line":247,"column":11},"end":{"line":249,"column":5}},"type":"if","locations":[{"start":{"line":247,"column":11},"end":{"line":249,"column":5}}]},"42":{"loc":{"start":{"line":247,"column":15},"end":{"line":247,"column":76}},"type":"binary-expr","locations":[{"start":{"line":247,"column":15},"end":{"line":247,"column":49}},{"start":{"line":247,"column":53},"end":{"line":247,"column":76}}]}},"s":{"0":0,"1":0,"2":0,"3":0,"4":0,"5":0,"6":0,"7":0,"8":0,"9":0,"10":0,"11":0,"12":0,"13":0,"14":0,"15":0,"16":0,"17":0,"18":0,"19":0,"20":0,"21":0,"22":0,"23":0,"24":0,"25":0,"26":0,"27":0,"28":0,"29":0,"30":0,"31":0,"32":0,"33":0,"34":0,"35":0,"36":0,"37":0,"38":0,"39":0,"40":0,"41":0,"42":0,"43":0,"44":0,"45":0,"46":0,"47":0,"48":0,"49":0,"50":0,"51":0,"52":0,"53":0,"54":0,"55":0,"56":0,"57":0,"58":0,"59":0,"60":0},"f":{"0":0,"1":0,"2":0,"3":0,"4":0,"5":0,"6":0,"7":0,"8":0,"9":0},"b":{"0":[0],"1":[0,0],"2":[0,0],"3":[0,0],"4":[0],"5":[0,0],"6":[0,0],"7":[0],"8":[0,0],"9":[0],"10":[0],"11":[0],"12":[0],"13":[0,0],"14":[0],"15":[0],"16":[0],"17":[0,0],"18":[0,0],"19":[0,0],"20":[0,0],"21":[0,0],"22":[0,0],"23":[0,0],"24":[0,0],"25":[0,0],"26":[0,0],"27":[0,0],"28":[0,0],"29":[0,0],"30":[0,0],"31":[0,0],"32":[0],"33":[0,0],"34":[0],"35":[0],"36":[0],"37":[0],"38":[0],"39":[0,0],"40":[0,0],"41":[0],"42":[0,0]}}
}
