TN:
SF:index.ts
FN:85,init
FN:93,(anonymous_1)
FN:101,(anonymous_2)
FN:110,setUser
FN:117,setTags
FN:124,addBreadcrumb
FN:150,captureException
FN:206,captureMessage
FN:222,sanitizeHeaders
FN:238,sanitizeRequestBody
FNF:10
FNH:0
FNDA:0,init
FNDA:0,(anonymous_1)
FNDA:0,(anonymous_2)
FNDA:0,setUser
FNDA:0,setTags
FNDA:0,addBreadcrumb
FNDA:0,captureException
FNDA:0,captureMessage
FNDA:0,sanitizeHeaders
FNDA:0,sanitizeRequestBody
DA:66,0
DA:67,0
DA:68,0
DA:69,0
DA:70,0
DA:71,0
DA:72,0
DA:80,0
DA:86,0
DA:87,0
DA:88,0
DA:89,0
DA:90,0
DA:92,0
DA:93,0
DA:94,0
DA:100,0
DA:101,0
DA:102,0
DA:111,0
DA:118,0
DA:130,0
DA:132,0
DA:140,0
DA:142,0
DA:143,0
DA:154,0
DA:156,0
DA:157,0
DA:160,0
DA:181,0
DA:182,0
DA:183,0
DA:184,0
DA:185,0
DA:188,0
DA:189,0
DA:197,0
DA:199,0
DA:211,0
DA:212,0
DA:213,0
DA:223,0
DA:224,0
DA:226,0
DA:227,0
DA:228,0
DA:232,0
DA:239,0
DA:241,0
DA:242,0
DA:244,0
DA:245,0
DA:246,0
DA:247,0
DA:248,0
DA:252,0
LF:57
LH:0
BRDA:85,0,0,0
BRDA:87,1,0,0
BRDA:87,1,1,0
BRDA:88,2,0,0
BRDA:88,2,1,0
BRDA:89,3,0,0
BRDA:89,3,1,0
BRDA:92,4,0,0
BRDA:92,5,0,0
BRDA:92,5,1,0
BRDA:95,6,0,0
BRDA:95,6,1,0
BRDA:100,7,0,0
BRDA:100,8,0,0
BRDA:100,8,1,0
BRDA:127,9,0,0
BRDA:128,10,0,0
BRDA:130,11,0,0
BRDA:142,12,0,0
BRDA:142,13,0,0
BRDA:142,13,1,0
BRDA:152,14,0,0
BRDA:154,15,0,0
BRDA:156,16,0,0
BRDA:167,17,0,0
BRDA:167,17,1,0
BRDA:167,18,0,0
BRDA:167,18,1,0
BRDA:168,19,0,0
BRDA:168,19,1,0
BRDA:169,20,0,0
BRDA:169,20,1,0
BRDA:169,21,0,0
BRDA:169,21,1,0
BRDA:170,22,0,0
BRDA:170,22,1,0
BRDA:171,23,0,0
BRDA:171,23,1,0
BRDA:172,24,0,0
BRDA:172,24,1,0
BRDA:173,25,0,0
BRDA:173,25,1,0
BRDA:174,26,0,0
BRDA:174,26,1,0
BRDA:175,27,0,0
BRDA:175,27,1,0
BRDA:176,28,0,0
BRDA:176,28,1,0
BRDA:176,29,0,0
BRDA:176,29,1,0
BRDA:177,30,0,0
BRDA:177,30,1,0
BRDA:178,31,0,0
BRDA:178,31,1,0
BRDA:182,32,0,0
BRDA:182,33,0,0
BRDA:182,33,1,0
BRDA:184,34,0,0
BRDA:208,35,0,0
BRDA:209,36,0,0
BRDA:227,37,0,0
BRDA:239,38,0,0
BRDA:245,39,0,0
BRDA:245,39,1,0
BRDA:245,40,0,0
BRDA:245,40,1,0
BRDA:247,41,0,0
BRDA:247,42,0,0
BRDA:247,42,1,0
BRF:69
BRH:0
end_of_record
